Determining if the pthread_create exist failed with the following output:
Change Dir: /home/fetchbot/catkin_ws/build/CMakeFiles/CMakeTmp

Run Build Command:"/usr/bin/make" "cmTC_06471/fast"
/usr/bin/make -f CMakeFiles/cmTC_06471.dir/build.make CMakeFiles/cmTC_06471.dir/build
make[1]: Entering directory '/home/fetchbot/catkin_ws/build/CMakeFiles/CMakeTmp'
Building C object CMakeFiles/cmTC_06471.dir/CheckSymbolExists.c.o
/usr/bin/cc     -o CMakeFiles/cmTC_06471.dir/CheckSymbolExists.c.o   -c /home/fetchbot/catkin_ws/build/CMakeFiles/CMakeTmp/CheckSymbolExists.c
Linking C executable cmTC_06471
/usr/bin/cmake -E cmake_link_script CMakeFiles/cmTC_06471.dir/link.txt --verbose=1
/usr/bin/cc       CMakeFiles/cmTC_06471.dir/CheckSymbolExists.c.o  -o cmTC_06471 -rdynamic 
CMakeFiles/cmTC_06471.dir/CheckSymbolExists.c.o: In function `main':
CheckSymbolExists.c:(.text+0x16): undefined reference to `pthread_create'
collect2: error: ld returned 1 exit status
CMakeFiles/cmTC_06471.dir/build.make:97: recipe for target 'cmTC_06471' failed
make[1]: *** [cmTC_06471] Error 1
make[1]: Leaving directory '/home/fetchbot/catkin_ws/build/CMakeFiles/CMakeTmp'
Makefile:126: recipe for target 'cmTC_06471/fast' failed
make: *** [cmTC_06471/fast] Error 2

File /home/fetchbot/catkin_ws/build/CMakeFiles/CMakeTmp/CheckSymbolExists.c:
/* */
#include <pthread.h>

int main(int argc, char** argv)
{
  (void)argv;
#ifndef pthread_create
  return ((int*)(&pthread_create))[argc];
#else
  (void)argc;
  return 0;
#endif
}

Determining if the function pthread_create exists in the pthreads failed with the following output:
Change Dir: /home/fetchbot/catkin_ws/build/CMakeFiles/CMakeTmp

Run Build Command:"/usr/bin/make" "cmTC_24987/fast"
/usr/bin/make -f CMakeFiles/cmTC_24987.dir/build.make CMakeFiles/cmTC_24987.dir/build
make[1]: Entering directory '/home/fetchbot/catkin_ws/build/CMakeFiles/CMakeTmp'
Building C object CMakeFiles/cmTC_24987.dir/CheckFunctionExists.c.o
/usr/bin/cc    -DCHECK_FUNCTION_EXISTS=pthread_create   -o CMakeFiles/cmTC_24987.dir/CheckFunctionExists.c.o   -c /usr/share/cmake-3.5/Modules/CheckFunctionExists.c
Linking C executable cmTC_24987
/usr/bin/cmake -E cmake_link_script CMakeFiles/cmTC_24987.dir/link.txt --verbose=1
/usr/bin/cc   -DCHECK_FUNCTION_EXISTS=pthread_create    CMakeFiles/cmTC_24987.dir/CheckFunctionExists.c.o  -o cmTC_24987 -rdynamic -lpthreads 
/usr/bin/ld: cannot find -lpthreads
collect2: error: ld returned 1 exit status
CMakeFiles/cmTC_24987.dir/build.make:97: recipe for target 'cmTC_24987' failed
make[1]: *** [cmTC_24987] Error 1
make[1]: Leaving directory '/home/fetchbot/catkin_ws/build/CMakeFiles/CMakeTmp'
Makefile:126: recipe for target 'cmTC_24987/fast' failed
make: *** [cmTC_24987/fast] Error 2


